<?xml version="1.0" encoding="UTF-8"?>
<coverage generated="1772833188129" clover="3.2.0">
  <project timestamp="1772833188129" name="All files">
    <metrics statements="5" coveredstatements="5" conditionals="3" coveredconditionals="2" methods="2" coveredmethods="2" elements="10" coveredelements="9" complexity="0" loc="5" ncloc="5" packages="2" files="2" classes="2"/>
    <package name="src">
      <metrics statements="3" coveredstatements="3" conditionals="3" coveredconditionals="2" methods="1" coveredmethods="1"/>
      <file name="App.vue" path="C:\Projects\pf2e-weapon-builder\src\App.vue">
        <metrics statements="3" coveredstatements="3" conditionals="3" coveredconditionals="2" methods="1" coveredmethods="1"/>
        <line num="1" count="630" type="cond" truecount="2" falsecount="1"/>
        <line num="394" count="2" type="stmt"/>
        <line num="411" count="2" type="stmt"/>
      </file>
    </package>
    <package name="src.components">
      <metrics statements="2" coveredstatements="2" conditionals="0" coveredconditionals="0" methods="1" coveredmethods="1"/>
      <file name="HelloWorld.vue" path="C:\Projects\pf2e-weapon-builder\src\components\HelloWorld.vue">
        <metrics statements="2" coveredstatements="2" conditionals="0" coveredconditionals="0" methods="1" coveredmethods="1"/>
        <line num="1" count="6" type="stmt"/>
        <line num="32" count="1" type="stmt"/>
      </file>
    </package>
  </project>
</coverage>
