{"C:\\Projects\\pf2e-weapon-builder\\src\\App.vue": {"path":"C:\\Projects\\pf2e-weapon-builder\\src\\App.vue","statementMap":{"0":{"start":{"line":394,"column":0},"end":{"line":411,"column":null}},"1":{"start":{"line":411,"column":0},"end":{"line":1094,"column":null}},"2":{"start":{"line":1,"column":0},"end":{"line":1,"column":null}}},"fnMap":{"0":{"name":"(anonymous_84)","decl":{"start":{"line":1,"column":0},"end":{"line":1,"column":null}},"loc":{"start":{"line":1,"column":0},"end":{"line":1,"column":null}}}},"branchMap":{"0":{"loc":{"start":{"line":1,"column":0},"end":{"line":1,"column":null}},"type":"cond-expr","locations":[{"start":{"line":1,"column":0},"end":{"line":1,"column":null}},{"start":{"line":1,"column":0},"end":{"line":1,"column":null}}]},"1":{"loc":{"start":{"line":1,"column":0},"end":{"line":1,"column":null}},"type":"if","locations":[{"start":{"line":1,"column":0},"end":{"line":1,"column":null}}]}},"s":{"0":2,"1":2,"2":630},"f":{"0":608},"b":{"0":[480,176],"1":[0]}}
,"C:\\Projects\\pf2e-weapon-builder\\src\\components\\HelloWorld.vue": {"path":"C:\\Projects\\pf2e-weapon-builder\\src\\components\\HelloWorld.vue","statementMap":{"0":{"start":{"line":32,"column":0},"end":{"line":39,"column":null}},"1":{"start":{"line":1,"column":0},"end":{"line":1,"column":null}}},"fnMap":{"0":{"name":"(anonymous_0)","decl":{"start":{"line":1,"column":0},"end":{"line":1,"column":null}},"loc":{"start":{"line":1,"column":0},"end":{"line":1,"column":null}}}},"branchMap":{},"s":{"0":1,"1":6},"f":{"0":1},"b":{}}
}
